[2026-02-04T15:03:52-03:00] =========================================
[2026-02-04T15:03:52-03:00] WSL Boot iniciando
[2026-02-04T15:03:52-03:00] =========================================
[2026-02-04T15:03:52-03:00] Limpando processos órfãos...
[2026-02-04T15:03:54-03:00] Iniciando gateway supervisor...
[2026-02-04T15:03:54-03:00] Supervisor iniciado (PID=745)
[2026-02-04T15:04:04-03:00] ERRO: Supervisor morreu após iniciar!
[2026-02-04T15:14:00-03:00] =========================================
[2026-02-04T15:14:00-03:00] WSL Boot iniciando
[2026-02-04T15:14:00-03:00] =========================================
[2026-02-04T15:14:00-03:00] Limpando processos órfãos...
[2026-02-04T15:14:02-03:00] Iniciando gateway supervisor...
[2026-02-04T15:14:02-03:00] Supervisor iniciado (PID=354)
[2026-02-04T15:14:12-03:00] ERRO: Supervisor morreu após iniciar!
[2026-02-04T15:15:12-03:00] =========================================
[2026-02-04T15:15:12-03:00] WSL Boot iniciando
[2026-02-04T15:15:12-03:00] =========================================
[2026-02-04T15:15:12-03:00] Limpando processos órfãos...
[2026-02-04T15:15:14-03:00] Iniciando gateway supervisor...
[2026-02-04T15:15:14-03:00] Supervisor iniciado (PID=348)
[2026-02-04T15:15:24-03:00] ERRO: Supervisor morreu após iniciar!
[2026-02-04T15:16:33-03:00] =========================================
[2026-02-04T15:16:33-03:00] WSL Boot iniciando
[2026-02-04T15:16:33-03:00] =========================================
[2026-02-04T15:16:33-03:00] Limpando processos órfãos...
[2026-02-04T15:16:35-03:00] Iniciando gateway supervisor...
[2026-02-04T15:16:35-03:00] Supervisor iniciado (PID=305)
[2026-02-04T15:16:46-03:00] ERRO: Supervisor morreu após iniciar!
[2026-02-04T16:55:36-03:00] =========================================
[2026-02-04T16:55:36-03:00] WSL Boot iniciando
[2026-02-04T16:55:36-03:00] =========================================
[2026-02-04T16:55:36-03:00] Limpando processos órfãos...
[2026-02-04T16:55:38-03:00] Iniciando gateway supervisor...
[2026-02-04T16:55:38-03:00] Supervisor iniciado (PID=780)
[2026-02-04T16:55:48-03:00] ERRO: Supervisor morreu após iniciar!
[2026-02-04T22:48:38-03:00] =========================================
[2026-02-04T22:48:38-03:00] WSL Boot iniciando
[2026-02-04T22:48:38-03:00] =========================================
[2026-02-04T22:48:38-03:00] Limpando processos órfãos...
[2026-02-04T22:48:40-03:00] Iniciando gateway supervisor...
[2026-02-04T22:48:40-03:00] Supervisor iniciado (PID=665)
[2026-02-04T22:48:50-03:00] ERRO: Supervisor morreu após iniciar!
[2026-02-06T09:51:31-03:00] =========================================
[2026-02-06T09:51:31-03:00] WSL Boot iniciando
[2026-02-06T09:51:31-03:00] =========================================
[2026-02-06T09:51:31-03:00] Limpando processos órfãos...
[2026-02-06T09:51:33-03:00] Iniciando gateway supervisor...
[2026-02-06T09:51:33-03:00] Supervisor iniciado (PID=667)
[2026-02-06T09:51:43-03:00] ERRO: Supervisor morreu após iniciar!
